INFO: latexindent version 3.6, 2019-05-05, a script to indent .tex files
      latexindent lives here: /usr/local/texlive/2019/texmf-dist/scripts/latexindent/
      Tue Dec  8 16:55:43 2020
      Filename: /Users/ugurtigu/MasterThesis/tex/kapitel/__latexindent_temp.tex
INFO: Processing switches:
      -y|--yaml: YAML settings specified via command line
      -c|--cruft: cruft directory
INFO: Directory for backup files and /Users/ugurtigu/MasterThesis/tex/indent.log: /Users/ugurtigu/MasterThesis/tex/
INFO: YAML settings read: defaultSettings.yaml
      Reading defaultSettings.yaml from /usr/local/texlive/2019/texmf-dist/scripts/latexindent/defaultSettings.yaml
INFO: YAML settings read: indentconfig.yaml or .indentconfig.yaml
      Home directory is /Users/ugurtigu (didn't find either indentconfig.yaml or .indentconfig.yaml)
      To specify user settings you would put indentconfig.yaml here: /Users/ugurtigu/indentconfig.yaml
      Alternatively, you can use the hidden file .indentconfig.yaml as: /Users/ugurtigu/.indentconfig.yaml
INFO: YAML settings read: -y switch
      Updating masterSettings with defaultIndent:   
INFO: Phase 1: searching for objects
INFO: Phase 2: finding surrounding indentation
INFO: Phase 3: indenting objects
INFO: Phase 4: final indentation check
INFO: Output routine:
      Not outputting to file; see -w and -o switches for more options.
      --------------
INFO: Please direct all communication/issues to:
      https://github.com/cmhughes/latexindent.pl
